AndroidPlatformFactory.RegisterBuildPlatforms: UnrealBuildTool.AndroidPlatformSDK has no valid SDK
IOSPlatformFactory.RegisterBuildPlatforms: UnrealBuildTool.IOSPlatformSDK has no valid SDK
HTML5PlatformFactory.RegisterBuildPlatforms: UnrealBuildTool.HTML5PlatformSDK using manually installed SDK
LinuxPlatformFactory.RegisterBuildPlatforms: UnrealBuildTool.LinuxPlatformSDK has no valid SDK
WindowsPlatformFactory.RegisterBuildPlatforms: UnrealBuildTool.WindowsPlatformSDK using manually installed SDK
ProjectFileGenerator.GenerateProjectFiles: Discovering modules, targets and source code for project...
DynamicCompilation.RequiresCompilation: Compiling E:\Applications\Unreal Engine\UE_4.23\Engine\Intermediate\Build\BuildRules\UE4Rules.dll: Assembly does not exist
DynamicCompilation.RequiresCompilation: Compiling E:\Applications\Unreal Engine\UE_4.23\Engine\Intermediate\Build\BuildRules\UE4ProgramRules.dll: Assembly does not exist
WindowsPlatform.GetDefaultCompiler: WARNING: No Visual C++ installation was found. Please download and install Visual Studio 2017 with C++ components.
UnrealBuildTool.Main: ERROR: Visual Studio 2017 must be installed in order to build this target.
UnrealBuildTool.Main: BuildException: Visual Studio 2017 must be installed in order to build this target.
UnrealBuildTool.Main:    at UnrealBuildTool.VCEnvironment.Create(WindowsCompiler Compiler, UnrealTargetPlatform Platform, WindowsArchitecture Architecture, String CompilerVersion, String WindowsSdkVersion) in D:\Build\++UE4\Sync\Engine\Saved\CsTools\Engine\Source\Programs\UnrealBuildTool\Platform\Windows\VCEnvironment.cs:line 509
UnrealBuildTool.Main:    at UnrealBuildTool.WindowsPlatform.ValidateTarget(TargetRules Target) in D:\Build\++UE4\Sync\Engine\Saved\CsTools\Engine\Source\Programs\UnrealBuildTool\Platform\Windows\UEBuildWindows.cs:line 710
UnrealBuildTool.Main:    at UnrealBuildTool.RulesAssembly.CreateTargetRulesInstance(String TypeName, TargetInfo TargetInfo, CommandLineArguments Arguments) in D:\Build\++UE4\Sync\Engine\Saved\CsTools\Engine\Source\Programs\UnrealBuildTool\System\RulesAssembly.cs:line 551
UnrealBuildTool.Main:    at UnrealBuildTool.RulesAssembly.CreateTargetRules(String TargetName, UnrealTargetPlatform Platform, UnrealTargetConfiguration Configuration, String Architecture, FileReference ProjectFile, CommandLineArguments Arguments) in D:\Build\++UE4\Sync\Engine\Saved\CsTools\Engine\Source\Programs\UnrealBuildTool\System\RulesAssembly.cs:line 611
UnrealBuildTool.Main:    at UnrealBuildTool.ProjectFileGenerator.AddProjectsForAllTargets(PlatformProjectGeneratorCollection PlatformProjectGenerators, List`1 AllGames, List`1 AllTargetFiles, ProjectFile& EngineProject, ProjectFile& EnterpriseProject, List`1& GameProjects, Dictionary`2& ProgramProjects) in D:\Build\++UE4\Sync\Engine\Saved\CsTools\Engine\Source\Programs\UnrealBuildTool\ProjectFiles\ProjectFileGenerator.cs:line 2144
UnrealBuildTool.Main:    at UnrealBuildTool.ProjectFileGenerator.GenerateProjectFiles(PlatformProjectGeneratorCollection PlatformProjectGenerators, String[] Arguments) in D:\Build\++UE4\Sync\Engine\Saved\CsTools\Engine\Source\Programs\UnrealBuildTool\ProjectFiles\ProjectFileGenerator.cs:line 689
UnrealBuildTool.Main:    at UnrealBuildTool.GenerateProjectFilesMode.Execute(CommandLineArguments Arguments) in D:\Build\++UE4\Sync\Engine\Saved\CsTools\Engine\Source\Programs\UnrealBuildTool\Modes\GenerateProjectFilesMode.cs:line 172
UnrealBuildTool.Main:    at UnrealBuildTool.UnrealBuildTool.Main(String[] ArgumentsArray) in D:\Build\++UE4\Sync\Engine\Saved\CsTools\Engine\Source\Programs\UnrealBuildTool\UnrealBuildTool.cs:line 477
Timeline.Print: Timeline:
Timeline.Print: 
Timeline.Print: [ 0.000]
Timeline.Print: [ 0.000](+0.034) <unknown>
Timeline.Print: [ 0.034](+0.070) XmlConfig.ReadConfigFiles()
Timeline.Print: [ 0.105](+0.000) SingleInstanceMutex.Acquire()
Timeline.Print: [ 0.105](+0.080) UEBuildPlatform.RegisterPlatforms()
Timeline.Print:   0.106          [ 0.000](+0.026) Initializing InstalledPlatformInfo
Timeline.Print:   0.132          [ 0.026](+0.000) Querying types
Timeline.Print:   0.133          [ 0.028](+0.001) MacPlatformFactory
Timeline.Print:   0.134          [ 0.029](+0.000) TVOSPlatformFactory
Timeline.Print:   0.135          [ 0.029](+0.019) AndroidPlatformFactory
Timeline.Print:   0.154          [ 0.048](+0.000) HoloLensPlatformFactory
Timeline.Print:   0.154          [ 0.048](+0.011) IOSPlatformFactory
Timeline.Print:   0.165          [ 0.060](+0.004) HTML5PlatformFactory
Timeline.Print:   0.170          [ 0.064](+0.013) LinuxPlatformFactory
Timeline.Print:   0.183          [ 0.078](+0.000) LuminPlatformFactory
Timeline.Print:   0.183          [ 0.078](+0.001) WindowsPlatformFactory
Timeline.Print: [ 0.185](+0.310) <unknown>
Timeline.Print: [ 0.496](+0.001) Finding engine modules
Timeline.Print: [ 0.498](+0.002) Finding plugin modules
Timeline.Print: [ 0.508](+10.221) Compiling rules assembly (UE4Rules.dll)
Timeline.Print: [10.747](+0.000) Finding program modules
Timeline.Print: [10.747](+0.000) Finding program targets
Timeline.Print: [10.747](+0.137) Compiling rules assembly (UE4ProgramRules.dll)
Timeline.Print: [10.885](+0.127) <unknown>
Timeline.Print: [11.012](+0.000) FileMetadataPrefetch.Stop()
Timeline.Print: [11.014]
