AndroidPlatformFactory.RegisterBuildPlatforms: UnrealBuildTool.AndroidPlatformSDK has no valid SDK
IOSPlatformFactory.RegisterBuildPlatforms: UnrealBuildTool.IOSPlatformSDK has no valid SDK
HTML5PlatformFactory.RegisterBuildPlatforms: UnrealBuildTool.HTML5PlatformSDK using manually installed SDK
LinuxPlatformFactory.RegisterBuildPlatforms: UnrealBuildTool.LinuxPlatformSDK has no valid SDK
WindowsPlatformFactory.RegisterBuildPlatforms: UnrealBuildTool.WindowsPlatformSDK using manually installed SDK
ProjectFileGenerator.GenerateProjectFiles: Discovering modules, targets and source code for project...
WindowsPlatform.FindVSInstallDirs: Found Visual Studio installation: C:\Program Files (x86)\Microsoft Visual Studio\2017\Community (Product=Microsoft.VisualStudio.Product.Community, Version=15.9.28307.1033, Sort=0)
WindowsPlatform.FindToolChainDirs: Found Visual Studio toolchain: C:\Program Files (x86)\Microsoft Visual Studio\2017\Community\VC\Tools\MSVC\14.16.27023 (Version=14.16.27023)
WindowsPlatform.UpdateCachedWindowsSdks: Found Windows 8.1 SDK at C:\Program Files (x86)\Windows Kits\8.1
WindowsPlatform.EnumerateSdkRootDirs: Found Windows 10 SDK root at C:\Program Files (x86)\Windows Kits\10 (1)
WindowsPlatform.EnumerateSdkRootDirs: Found Windows 10 SDK root at C:\Program Files (x86)\Windows Kits\10 (2)
WindowsPlatform.UpdateCachedWindowsSdks: Found Windows 10 SDK version 10.0.18362.0 at C:\Program Files (x86)\Windows Kits\10
WindowsPlatform.UpdateCachedWindowsSdks: Found Universal CRT version 10.0.18362.0 at C:\Program Files (x86)\Windows Kits\10
DynamicCompilation.RequiresCompilation: Compiling E:\Documents\Unreal Projects\DroneScheduler\Intermediate\Build\BuildRules\DroneSchedulerModuleRules.dll: Assembly does not exist
DynamicCompilation.CompileAssembly: While compiling E:\Documents\Unreal Projects\DroneScheduler\Intermediate\Build\BuildRules\DroneSchedulerModuleRules.dll:
DynamicCompilation.CompileAssembly: e:\Documents\Unreal Projects\DroneScheduler\Plugins\UnrealEnginePython\Source\UnrealEnginePython\UnrealEnginePython.Build.cs(11,36) : error CS1009: Unrecognized escape sequence
DynamicCompilation.CompileAssembly: e:\Documents\Unreal Projects\DroneScheduler\Plugins\UnrealEnginePython\Source\UnrealEnginePython\UnrealEnginePython.Build.cs(11,43) : error CS1009: Unrecognized escape sequence
DynamicCompilation.CompileAssembly: e:\Documents\Unreal Projects\DroneScheduler\Plugins\UnrealEnginePython\Source\UnrealEnginePython\UnrealEnginePython.Build.cs(11,49) : error CS1009: Unrecognized escape sequence
DynamicCompilation.CompileAssembly: e:\Documents\Unreal Projects\DroneScheduler\Plugins\UnrealEnginePython\Source\UnrealEnginePython\UnrealEnginePython.Build.cs(11,57) : error CS1009: Unrecognized escape sequence
DynamicCompilation.CompileAssembly: e:\Documents\Unreal Projects\DroneScheduler\Plugins\UnrealEnginePython\Source\UnrealEnginePython\UnrealEnginePython.Build.cs(11,65) : error CS1009: Unrecognized escape sequence
DynamicCompilation.CompileAssembly: e:\Documents\Unreal Projects\DroneScheduler\Plugins\UnrealEnginePython\Source\UnrealEnginePython\UnrealEnginePython.Build.cs(11,75) : error CS1009: Unrecognized escape sequence
DynamicCompilation.CompileAssembly: e:\Documents\Unreal Projects\DroneScheduler\Plugins\UnrealEnginePython\Source\UnrealEnginePython\UnrealEnginePython.Build.cs(11,83) : error CS1009: Unrecognized escape sequence
DynamicCompilation.CompileAssembly: e:\Documents\Unreal Projects\DroneScheduler\Plugins\UnrealEnginePython\Source\UnrealEnginePython\UnrealEnginePython.Build.cs(11,94) : error CS1009: Unrecognized escape sequence
DynamicCompilation.CompileAssembly: e:\Documents\Unreal Projects\DroneScheduler\Plugins\UnrealEnginePython\Source\UnrealEnginePython\UnrealEnginePython.Build.cs(11,103) : error CS1009: Unrecognized escape sequence
UnrealBuildTool.Main: ERROR: Unable to compile source files.
UnrealBuildTool.Main: BuildException: Unable to compile source files.
UnrealBuildTool.Main:    at UnrealBuildTool.DynamicCompilation.CompileAssembly(FileReference OutputAssemblyPath, HashSet`1 SourceFileNames, List`1 ReferencedAssembies, List`1 PreprocessorDefines, Boolean TreatWarningsAsErrors) in D:\Build\++UE4\Sync\Engine\Saved\CsTools\Engine\Source\Programs\UnrealBuildTool\System\DynamicCompilation.cs:line 362
UnrealBuildTool.Main:    at UnrealBuildTool.DynamicCompilation.CompileAndLoadAssembly(FileReference OutputAssemblyPath, HashSet`1 SourceFileNames, List`1 ReferencedAssembies, List`1 PreprocessorDefines, Boolean DoNotCompile, Boolean TreatWarningsAsErrors) in D:\Build\++UE4\Sync\Engine\Saved\CsTools\Engine\Source\Programs\UnrealBuildTool\System\DynamicCompilation.cs:line 428
UnrealBuildTool.Main:    at UnrealBuildTool.RulesAssembly..ctor(RulesScope Scope, DirectoryReference BaseDir, IReadOnlyList`1 Plugins, Dictionary`2 ModuleFileToContext, List`1 TargetFiles, FileReference AssemblyFileName, Boolean bContainsEngineModules, Boolean bUseBackwardsCompatibleDefaults, Boolean bReadOnly, Boolean bSkipCompile, RulesAssembly Parent) in D:\Build\++UE4\Sync\Engine\Saved\CsTools\Engine\Source\Programs\UnrealBuildTool\System\RulesAssembly.cs:line 115
UnrealBuildTool.Main:    at UnrealBuildTool.RulesCompiler.CreateProjectRulesAssembly(FileReference ProjectFileName, Boolean bUsePrecompiled, Boolean bSkipCompile) in D:\Build\++UE4\Sync\Engine\Saved\CsTools\Engine\Source\Programs\UnrealBuildTool\System\RulesCompiler.cs:line 582
UnrealBuildTool.Main:    at UnrealBuildTool.ProjectFileGenerator.AddProjectsForAllTargets(PlatformProjectGeneratorCollection PlatformProjectGenerators, List`1 AllGames, List`1 AllTargetFiles, ProjectFile& EngineProject, ProjectFile& EnterpriseProject, List`1& GameProjects, Dictionary`2& ProgramProjects) in D:\Build\++UE4\Sync\Engine\Saved\CsTools\Engine\Source\Programs\UnrealBuildTool\ProjectFiles\ProjectFileGenerator.cs:line 2139
UnrealBuildTool.Main:    at UnrealBuildTool.ProjectFileGenerator.GenerateProjectFiles(PlatformProjectGeneratorCollection PlatformProjectGenerators, String[] Arguments) in D:\Build\++UE4\Sync\Engine\Saved\CsTools\Engine\Source\Programs\UnrealBuildTool\ProjectFiles\ProjectFileGenerator.cs:line 689
UnrealBuildTool.Main:    at UnrealBuildTool.GenerateProjectFilesMode.Execute(CommandLineArguments Arguments) in D:\Build\++UE4\Sync\Engine\Saved\CsTools\Engine\Source\Programs\UnrealBuildTool\Modes\GenerateProjectFilesMode.cs:line 172
UnrealBuildTool.Main:    at UnrealBuildTool.UnrealBuildTool.Main(String[] ArgumentsArray) in D:\Build\++UE4\Sync\Engine\Saved\CsTools\Engine\Source\Programs\UnrealBuildTool\UnrealBuildTool.cs:line 477
Timeline.Print: Timeline:
Timeline.Print: 
Timeline.Print: [ 0.000]
Timeline.Print: [ 0.000](+0.027) <unknown>
Timeline.Print: [ 0.027](+0.064) XmlConfig.ReadConfigFiles()
Timeline.Print: [ 0.092](+0.000) SingleInstanceMutex.Acquire()
Timeline.Print: [ 0.092](+0.058) UEBuildPlatform.RegisterPlatforms()
Timeline.Print:   0.092          [ 0.000](+0.026) Initializing InstalledPlatformInfo
Timeline.Print:   0.119          [ 0.027](+0.000) Querying types
Timeline.Print:   0.120          [ 0.028](+0.001) MacPlatformFactory
Timeline.Print:   0.122          [ 0.029](+0.000) TVOSPlatformFactory
Timeline.Print:   0.122          [ 0.030](+0.008) AndroidPlatformFactory
Timeline.Print:   0.130          [ 0.038](+0.000) HoloLensPlatformFactory
Timeline.Print:   0.130          [ 0.038](+0.011) IOSPlatformFactory
Timeline.Print:   0.142          [ 0.050](+0.004) HTML5PlatformFactory
Timeline.Print:   0.147          [ 0.054](+0.001) LinuxPlatformFactory
Timeline.Print:   0.149          [ 0.056](+0.000) LuminPlatformFactory
Timeline.Print:   0.149          [ 0.056](+0.002) WindowsPlatformFactory
Timeline.Print: [ 0.151](+0.246) <unknown>
Timeline.Print: [ 0.397](+0.001) Finding engine modules
Timeline.Print: [ 0.398](+0.013) Finding plugin modules
Timeline.Print: [ 0.412](+0.023) <unknown>
Timeline.Print: [ 0.435](+0.000) Finding program modules
Timeline.Print: [ 0.435](+0.000) Finding program targets
Timeline.Print: [ 0.435](+0.090) <unknown>
Timeline.Print: [ 0.526](+0.044) Compiling rules assembly (DroneSchedulerModuleRules.dll)
Timeline.Print: [ 0.579](+0.000) FileMetadataPrefetch.Stop()
Timeline.Print: [ 0.581]
